build/app/outputs/mapping/release/seeds.txt
com.example.byaherov1.MainActivity
com.example.byaherov1.MainActivity: MainActivity()
...
androidx.appcompat.R$styleable: int AppCompatTheme_borderlessButtonStyle
androidx.appcompat.R$styleable: int TextAppearance_android_textStyle
com.google.android.material.R$styleable: int ActionBar_contentInsetEndWithActions
androidx.appcompat.widget.AppCompatSpinner: android.content.Context getPopupContext()
com.uuzuche.lib_zxing.R$color: int grgray
androidx.appcompat.R$layout: int abc_screen_simple_overlay_action_mode
androidx.appcompat.R$id: int accessibility_custom_action_26
com.google.android.material.R$styleable: int Chip_checkedIconVisible
com.onesignal.R$layout: int notification_template_big_media
androidx.transition.R$id: int tag_unhandled_key_event_manager
com.google.android.material.R$attr: int menu
com.google.android.material.R$style: int TextAppearance_AppCompat_Subhead
androidx.appcompat.widget.ViewStubCompat: void setOnInflateListener(androidx.appcompat.widget.ViewStubCompat$OnInflateListener)
com.baseflow.location_permissions.LocationPermissionsPlugin: void onListen(java.lang.Object,io.flutter.plugin.common.EventChannel$EventSink)
com.google.android.material.R$styleable: int AppCompatTheme_actionOverflowMenuStyle
androidx.appcompat.R$color: int dim_foreground_disabled_material_dark
com.google.android.material.R$style: int Widget_MaterialComponents_BottomAppBar
com.baseflow.location_permissions.R$dimen: int notification_top_pad_large_text
com.uuzuche.lib_zxing.R$id: int notification_main_column
com.google.android.material.R$style: int Widget_MaterialComponents_Button_OutlinedButton_Icon
io.flutter.embedding.android.FlutterImageView
com.google.android.material.R$dimen: int abc_dialog_list_padding_top_no_title
com.baseflow.googleapiavailability.R$string: int common_google_play_services_install_text
com.uuzuche.lib_zxing.R$drawable: int abc_switch_thumb_material
androidx.cardview.widget.CardView: boolean getUseCompatPadding()
androidx.appcompat.R$styleable: int LinearLayoutCompat_android_weightSum
androidx.appcompat.R$id: int accessibility_custom_action_4
com.google.android.material.R$style: int Theme_Design_Light_NoActionBar
androidx.appcompat.R$id: int textSpacerNoTitle
com.google.android.material.circularreveal.cardview.CircularRevealCardView
com.google.android.material.R$drawable: int abc_btn_check_to_on_mtrl_015
com.uuzuche.lib_zxing.R$color: int material_grey_100
com.baseflow.googleapiavailability.R$drawable: int common_google_signin_btn_text_light_normal_background
com.google.android.material.R$style: int Base_TextAppearance_AppCompat_Widget_Button_Borderless_Colored
androidx.appcompat.R$attr: int textAppearanceSmallPopupMenu
androidx.appcompat.widget.AppCompatMultiAutoCompleteTextView: void setBackgroundDrawable(android.graphics.drawable.Drawable)
com.baseflow.googleapiavailability.R$styleable: int GradientColor_android_centerColor
com.uuzuche.lib_zxing.R$color: int abc_secondary_text_material_light
androidx.appcompat.resources.R$styleable: int[] AnimatedStateListDrawableCompat
io.flutter.plugins.GeneratedPluginRegistrant: GeneratedPluginRegistrant()
androidx.recyclerview.R$styleable: int FontFamily_fontProviderCerts
com.google.android.material.R$attr: int fontProviderPackage
androidx.appcompat.R$styleable: int AlertDialog_buttonPanelSideLayout
androidx.appcompat.R$style: int TextAppearance_AppCompat_Widget_ActionMode_Title
com.google.android.material.R$id: int spacer
androidx.core.app.NotificationCompat$Builder: android.app.Notification mNotification
androidx.appcompat.widget.AppCompatTextView: androidx.core.text.PrecomputedTextCompat$Params getTextMetricsParamsCompat()
com.baseflow.location_permissions.LocationPermissionsPlugin: io.flutter.plugin.common.MethodChannel$Result mResult
com.baseflow.googleapiavailability.R$styleable: int[] FontFamilyFont
android.support.v4.media.session.MediaSessionCompat$ResultReceiverWrapper
com.google.android.material.R$id: int container
androidx.appcompat.R$id: int shortcut
androidx.appcompat.R$style: int RtlOverlay_DialogWindowTitle_AppCompat