build/app/outputs/mapping/release/mapping.txt
# compiler: R8
# compiler_version: 2.0.99
# min_api: 22
# pg_map_id: aa3b119
# common_typos_disable
...
kotlinx.coroutines.scheduling.TaskContext -> kotlinx.coroutines.r1.j:
    void afterTask() -> B
    kotlinx.coroutines.scheduling.TaskMode getTaskMode() -> x
kotlinx.coroutines.scheduling.TaskImpl -> kotlinx.coroutines.r1.k:
    java.lang.Runnable block -> g
kotlinx.coroutines.scheduling.TaskMode -> kotlinx.coroutines.r1.l:
    kotlinx.coroutines.scheduling.TaskMode NON_BLOCKING -> e
    kotlinx.coroutines.scheduling.TaskMode PROBABLY_BLOCKING -> f
    kotlinx.coroutines.scheduling.TaskMode[] $VALUES -> g
kotlinx.coroutines.scheduling.TasksKt -> kotlinx.coroutines.r1.m:
    long WORK_STEALING_TIME_RESOLUTION_NS -> a
    long IDLE_WORKER_KEEP_ALIVE_NS -> d
    kotlinx.coroutines.scheduling.TimeSource schedulerTimeSource -> e
    int CORE_POOL_SIZE -> b
    int MAX_POOL_SIZE -> c
kotlinx.coroutines.scheduling.TimeSource -> kotlinx.coroutines.r1.n:
    long nanoTime() -> a
kotlinx.coroutines.scheduling.WorkQueue -> kotlinx.coroutines.r1.o:
    java.util.concurrent.atomic.AtomicReferenceFieldUpdater lastScheduledTask$FU -> b
    java.util.concurrent.atomic.AtomicIntegerFieldUpdater blockingTasksInBuffer$FU -> e
    java.util.concurrent.atomic.AtomicIntegerFieldUpdater consumerIndex$FU -> d
    java.util.concurrent.atomic.AtomicIntegerFieldUpdater producerIndex$FU -> c
    java.util.concurrent.atomic.AtomicReferenceArray buffer -> a
    kotlinx.coroutines.scheduling.Task add(kotlinx.coroutines.scheduling.Task,boolean) -> a
    kotlinx.coroutines.scheduling.Task add$default(kotlinx.coroutines.scheduling.WorkQueue,kotlinx.coroutines.scheduling.Task,boolean,int,java.lang.Object) -> b
    kotlinx.coroutines.scheduling.Task addLast(kotlinx.coroutines.scheduling.Task) -> c
    void decrementIfBlocking(kotlinx.coroutines.scheduling.Task) -> d
    int getBufferSize$kotlinx_coroutines_core() -> e
    int getSize$kotlinx_coroutines_core() -> f
    void offloadAllWorkTo(kotlinx.coroutines.scheduling.GlobalQueue) -> g
    kotlinx.coroutines.scheduling.Task poll() -> h
    kotlinx.coroutines.scheduling.Task pollBuffer() -> i
    boolean pollTo(kotlinx.coroutines.scheduling.GlobalQueue) -> j
    long tryStealBlockingFrom(kotlinx.coroutines.scheduling.WorkQueue) -> k
    long tryStealFrom(kotlinx.coroutines.scheduling.WorkQueue) -> l
    long tryStealLastScheduled(kotlinx.coroutines.scheduling.WorkQueue,boolean) -> m
okio.Buffer -> h.a:
    long size -> f
    okio.Segment head -> e
    java.lang.String readString(long,java.nio.charset.Charset) -> A
    java.lang.String readUtf8() -> B
    int select(okio.Options) -> C
    java.lang.String readUtf8(long) -> D
    int selectPrefix(okio.Options,boolean) -> E
    long size() -> F
    void skip(long) -> G
    okio.ByteString snapshot() -> H
    okio.ByteString snapshot(int) -> I
    okio.Segment writableSegment(int) -> J
    void write(okio.Buffer,long) -> K
    okio.Buffer writeByte(int) -> L
    okio.Buffer writeInt(int) -> M
    okio.Buffer writeUtf8(java.lang.String) -> N
    okio.Buffer writeUtf8(java.lang.String,int,int) -> O
    void clear() -> a
    okio.BufferedSink writeUtf8(java.lang.String,int,int) -> b
    okio.Buffer clone() -> c
    boolean exhausted() -> d
    byte getByte(long) -> e
    long indexOfElement(okio.ByteString) -> f
    long indexOf(okio.ByteString,long) -> g
    long indexOfElement(okio.ByteString,long) -> h
    boolean rangeEquals(okio.Segment,int,okio.ByteString,int,int) -> i
    boolean request(long) -> j
    int read(byte[],int,int) -> m
    byte readByte() -> n
    byte[] readByteArray() -> o
    okio.BufferedSink writeUtf8(java.lang.String) -> p
    long indexOf(okio.ByteString) -> q
    okio.Buffer getBuffer() -> s
    byte[] readByteArray(long) -> t
    okio.BufferedSink writeByte(int) -> u
    okio.ByteString readByteString() -> v
    void readFully(byte[]) -> x
    int readInt() -> y