build/app/outputs/mapping/release/usage.txt
com.example.byaherov1.R$bool
com.example.byaherov1.R$attr
com.example.byaherov1.R
com.example.byaherov1.R$xml
com.example.byaherov1.R$styleable
com.example.byaherov1.R$raw
com.example.byaherov1.R$animator
com.example.byaherov1.R$drawable
com.example.byaherov1.R$interpolator
com.example.byaherov1.R$id
com.example.byaherov1.R$anim
com.example.byaherov1.R$dimen
com.example.byaherov1.R$mipmap
com.example.byaherov1.BuildConfig
com.example.byaherov1.R$style
com.example.byaherov1.R$color
com.example.byaherov1.R$layout
com.example.byaherov1.R$string
com.example.byaherov1.R$integer
...
kotlinx.coroutines.flow.FlowKt__MergeKt$map$$inlined$unsafeTransform$1
com.google.android.gms.common.api.internal.LifecycleCallback:
    public static com.google.android.gms.common.api.internal.LifecycleFragment getFragment(android.app.Activity)
    public static com.google.android.gms.common.api.internal.LifecycleFragment getFragment(android.content.ContextWrapper)
kotlinx.coroutines.channels.ChannelsKt__Channels_commonKt$fold$1
kotlinx.coroutines.internal.InlineList
io.flutter.embedding.android.FlutterActivity$CachedEngineIntentBuilder
kotlinx.coroutines.ExceptionsKt
kotlin.ULongArray
okhttp3.WebSocketListener
io.flutter.plugin.common.FlutterException:
    private static final java.lang.String TAG
androidx.media.MediaBrowserServiceCompat$MediaBrowserServiceImplApi26$MediaBrowserServiceApi26
kotlin.jvm.functions.Function20:
    public abstract java.lang.Object invoke(java.lang.Object,java.lang.Object,java.lang.Object,java.lang.Object,java.lang.Object,java.lang.Object,java.lang.Object,java.lang.Object,java.lang.Object,java.lang.Object,java.lang.Object,java.lang.Object,java.lang.Object,java.lang.Object,java.lang.Object,java.lang.Object,java.lang.Object,java.lang.Object,java.lang.Object,java.lang.Object)
okhttp3.ResponseBody$1
androidx.lifecycle.ViewModel:
    java.lang.Object setTagIfAbsent(java.lang.String,java.lang.Object)
    java.lang.Object getTag(java.lang.String)
androidx.annotation.RequiresApi
okhttp3.Call$Factory
kotlinx.coroutines.flow.internal.CombineKt$zipImpl$$inlined$unsafeFlow$1$lambda$1
com.google.android.gms.common.zzm
androidx.media.AudioAttributesImplApi26$Builder:
    void <init>(java.lang.Object)
    public androidx.media.AudioAttributesImplApi26$Builder setUsage(int)
    public synthetic bridge androidx.media.AudioAttributesImplApi21$Builder setUsage(int)
    public synthetic bridge androidx.media.AudioAttributesImpl$Builder setUsage(int)
kotlin.jvm.internal.LocalVariableReference
okhttp3.internal.http.HttpDate$1
com.tekartik.sqflite.operation.SqlErrorInfo:
    public void <init>()
com.tekartik.sqflite.operation.ExecuteOperation:
    protected com.tekartik.sqflite.operation.OperationResult getOperationResult()
    public java.lang.String getMethod()
androidx.core.app.NotificationCompat$DecoratedCustomViewStyle
kotlinx.coroutines.flow.FlowKt__ZipKt$combine$$inlined$combine$1$3
kotlin.internal.AccessibleLateinitPropertyLiteral
kotlin.jvm.internal.ShortSpreadBuilder
androidx.recyclerview.widget.AsyncListUtil$2
okhttp3.internal.connection.RouteException
androidx.recyclerview.widget.AsyncDifferConfig$Builder
com.google.android.gms.common.R$string:
    private void <init>()
com.google.zxing.datamatrix.encoder.SymbolInfo
kotlinx.coroutines.CommonPool:
    private final java.lang.Object Try(kotlin.jvm.functions.Function0)
    public java.util.concurrent.Executor getExecutor()
    public final synchronized void usePrivatePool$kotlinx_coroutines_core()
    public final synchronized void shutdown$kotlinx_coroutines_core(long)
    public final synchronized void restore$kotlinx_coroutines_core()
    public static final java.lang.String DEFAULT_PARALLELISM_PROPERTY_NAME
com.google.android.gms.common.util.zzd
androidx.transition.ChangeTransform$2
kotlinx.coroutines.flow.FlowKt__TransformKt$unsafeTransform$$inlined$unsafeFlow$1$lambda$1
io.flutter.embedding.engine.systemchannels.SystemChannel:
    private static final java.lang.String TAG
com.onesignal.HMSLocationController$2:
    public void onSuccess(android.location.Location)
    public synthetic bridge void onSuccess(java.lang.Object)
androidx.lifecycle.Lifecycling$1:
    void <init>(androidx.lifecycle.LifecycleEventObserver)
androidx.vectordrawable.graphics.drawable.Animatable2Compat$AnimationCallback
com.google.android.material.snackbar.BaseTransientBottomBar$11
com.google.android.gms.dynamite.zzl
com.google.firebase.messaging.RemoteMessage$Builder
okhttp3.MultipartBody$Part
androidx.core.content.ContextCompat$MainHandlerExecutor